Loaded module: cuda/11.3
Loaded dependency [python3/3.9.11]: gcc/10.3.0-binutils-2.36.1
Loaded module: python3/3.9.11

Loading python3/3.9.11
  Loading requirement: gcc/10.3.0-binutils-2.36.1
ERROR: Could not find a version that satisfies the requirement ipywidgets==8.06 (from versions: 4.0.0, 4.0.1, 4.0.2, 4.0.3, 4.1.0, 4.1.1, 5.0.0b1, 5.0.0b2, 5.0.0b3, 5.0.0b4, 5.0.0b5, 5.0.0, 5.1.0, 5.1.1, 5.1.2, 5.1.3, 5.1.4, 5.1.5, 5.2.0, 5.2.1, 5.2.2, 5.2.3, 6.0.0b1, 6.0.0b2, 6.0.0b3, 6.0.0b4, 6.0.0b5, 6.0.0b6, 6.0.0b7, 6.0.0b8, 6.0.0b9, 6.0.0b10, 6.0.0rc1, 6.0.0rc2, 6.0.0rc3, 6.0.0, 6.0.1, 7.0.0a0, 7.0.0a1, 7.0.0a2, 7.0.0a3, 7.0.0a4, 7.0.0a5, 7.0.0a6, 7.0.0a7, 7.0.0a8, 7.0.0a9, 7.0.0a10, 7.0.0a11, 7.0.0a12, 7.0.0b0, 7.0.0b1, 7.0.0b2, 7.0.0b3, 7.0.0b4, 7.0.0b5, 7.0.0b6, 7.0.0b7, 7.0.0b8, 7.0.0b9, 7.0.0b10, 7.0.0b11, 7.0.0b12, 7.0.0b13, 7.0.0rc0, 7.0.0rc1, 7.0.0rc2, 7.0.0rc3, 7.0.0, 7.0.1, 7.0.2, 7.0.3, 7.0.4, 7.0.5, 7.1.0rc0, 7.1.0rc1, 7.1.0rc2, 7.1.0, 7.1.1, 7.1.2, 7.2.0, 7.2.1, 7.3.0b0, 7.3.0, 7.3.1, 7.3.2, 7.4.0, 7.4.1, 7.4.2, 7.5.0rc0, 7.5.0rc1, 7.5.0rc2, 7.5.0rc3, 7.5.0, 7.5.1, 7.6.0rc0, 7.6.0, 7.6.1, 7.6.2, 7.6.3, 7.6.4, 7.6.5, 7.6.6, 7.7.0a0, 7.7.0rc0, 7.7.0, 7.7.1, 7.7.2, 7.7.3, 7.7.4, 7.7.5, 7.8.0, 7.8.1, 8.0.0a0, 8.0.0a1, 8.0.0a2, 8.0.0a3, 8.0.0a4, 8.0.0a5, 8.0.0a6, 8.0.0b0, 8.0.0b1, 8.0.0rc0, 8.0.0rc1, 8.0.0rc2, 8.0.0, 8.0.1, 8.0.2, 8.0.3, 8.0.4, 8.0.5, 8.0.6, 8.0.7, 8.1.0, 8.1.1)
ERROR: No matching distribution found for ipywidgets==8.06
WARNING: You are using pip version 21.1; however, version 23.2.1 is available.
You should consider upgrading via the '/zhome/e7/4/155304/Desktop/Bachelor/robust-rl/venv_1/bin/python3 -m pip install --upgrade pip' command.
/zhome/e7/4/155304/Desktop/Bachelor/robust-rl/venv_1/bin/python3: No module named install
wandb: Currently logged in as: ryge (fagprojekt). Use `wandb login --relogin` to force relogin
wandb: Appending key for api.wandb.ai to your netrc file: /zhome/e7/4/155304/.netrc
wandb: Tracking run with wandb version 0.15.11
wandb: Run data is saved locally in /zhome/e7/4/155304/Desktop/Bachelor/robust-rl/wandb/run-20230927_181837-2axfqqyv
wandb: Run `wandb offline` to turn off syncing.
wandb: Syncing run training-radial_basis_15-reduced_lr-and-scheduler-delta-0.01_seed-1
wandb: ⭐️ View project at https://wandb.ai/fagprojekt/robust-rl-cliff-car
wandb: 🚀 View run at https://wandb.ai/fagprojekt/robust-rl-cliff-car/runs/2axfqqyv
/zhome/e7/4/155304/Desktop/Bachelor/robust-rl/venv_1/lib/python3.9/site-packages/torch/functional.py:504: UserWarning: torch.meshgrid: in an upcoming release, it will be required to pass the indexing argument. (Triggered internally at ../aten/src/ATen/native/TensorShape.cpp:3483.)
  return _VF.meshgrid(tensors, **kwargs)  # type: ignore[attr-defined]
