Looking in links: https://download.pytorch.org/whl/torch_stable.html, https://download.pytorch.org/whl/torch_stable.html
Requirement already satisfied: torch==2.0.1+cpu in ./venv_1/lib/python3.9/site-packages (from -r requirements.txt (line 4)) (2.0.1+cpu)
Requirement already satisfied: torchvision==0.15.2+cpu in ./venv_1/lib/python3.9/site-packages (from -r requirements.txt (line 6)) (0.15.2+cpu)
Requirement already satisfied: matplotlib==3.6.3 in ./venv_1/lib/python3.9/site-packages (from -r requirements.txt (line 7)) (3.6.3)
Requirement already satisfied: scikit-learn==1.2.2 in ./venv_1/lib/python3.9/site-packages (from -r requirements.txt (line 8)) (1.2.2)
Requirement already satisfied: ipython==8.9.0 in ./venv_1/lib/python3.9/site-packages (from -r requirements.txt (line 9)) (8.9.0)
pygame 2.1.3 (SDL 2.0.22, Python 3.9.11)
Hello from the pygame community. https://www.pygame.org/contribute.html
>>>>>>>>>>>>>>>>>>>>>> [1] <class 'list'>
==============================================
>>> Started training; seed: 1, delta: 0.01

------------------------------------------------------------
Sender: LSF System <lsfadmin@hpc.dtu.dk>
Subject: Job 17882282: <test_job> in cluster <dcc> Exited

Job <test_job> was submitted from host <hpclogin1> by user <s204114> in cluster <dcc> at Wed Sep 27 18:09:29 2023
Job was executed on host(s) <16*n-62-20-10>, in queue <gpuv100>, as user <s204114> in cluster <dcc> at Wed Sep 27 18:09:45 2023
</zhome/e7/4/155304> was used as the home directory.
</zhome/e7/4/155304/Desktop/Bachelor/robust-rl> was used as the working directory.
Started at Wed Sep 27 18:09:45 2023
Terminated at Wed Sep 27 18:10:14 2023
Results reported at Wed Sep 27 18:10:14 2023

Your job looked like:

------------------------------------------------------------
# LSBATCH: User input
#!/bin/sh 


### -- Specify the output and error file. %J is the job-id -- 
### -- -o and -e mean append, -oo and -eo mean overwrite -- 
#BSUB -o Output_%J.out 
#BSUB -e Output_%J.err

### General options 
### -- specify queue -- 
#BSUB -q gpuv100
#BSUB -gpu "num=1"

### -- set the job Name -- 
#BSUB -J test_job

### -- ask for 1 core -- 
#BSUB -n 16

### -- specify that we need 2GB of memory per core/slot -- 
#BSUB -R "rusage[mem=3GB]"
#BSUB -R "span[hosts=1]"

### -- specify that we want the job to get killed if it exceeds 3 GB per core/slot -- 
#BSUB -M 3GB

### -- set walltime limit: hh:mm -- 
#BSUB -W 24:00 

# load CUDA (for GPU support)
module load cuda/11.3
module load python3/3.9.11

python3 -m venv venv_1

source venv_1/bin/activate

python3 -m pip install -r requirements.txt

python3 -m install install --upgrade urllib3

# python experiment.py --wandb_key ec26ff6ba9b98d017cdb3165454ce21496c12c35 \
#        --test_interval 2000 --train_epocs 70000 \
#        --delta 0.01 0.1 --seed 1 \
#        --radial_basis_dist 2 --silence_tqdm True \
#        --train_identifier radial_basis_2
# python experiment.py --wandb_key ec26ff6ba9b98d017cdb3165454ce21496c12c35 \
#        --test_interval 2000 --train_epocs 70000 \
#        --delta 0.01 0.1 0.5 --seed 1 \
#        --radial_basis_dist 1.5 --silence_tqdm True \

(... more ...)
------------------------------------------------------------

Exited with exit code 1.

Resource usage summary:

    CPU time :                                   10.92 sec.
    Max Memory :                                 234 MB
    Average Memory :                             234.00 MB
    Total Requested Memory :                     49152.00 MB
    Delta Memory :                               48918.00 MB
    Max Swap :                                   -
    Max Processes :                              4
    Max Threads :                                5
    Run time :                                   28 sec.
    Turnaround time :                            45 sec.

The output (if any) is above this job summary.



PS:

Read file <Output_17882282.err> for stderr output of this job.

